Flutter crash report.
Please report a bug at https://github.com/flutter/flutter/issues.

## command

flutter run --machine --start-paused -d chrome --devtools-server-address http://127.0.0.1:9100/ --target /Users/pch/Desktop/personal/puzzel/lib/main.dart

## exception

HttpException: HttpException: Connection closed before full header was received, uri = http://localhost:57292/json

```
```

## flutter doctor

```
[✓] Flutter (Channel stable, 3.24.0, on macOS 15.5 24F74 darwin-arm64, locale en-US)
    • Flutter version 3.24.0 on channel stable at /Users/pch/fvm/versions/3.24.0
    • Upstream repository https://github.com/flutter/flutter.git
    • Framework revision 80c2e84975 (12 months ago), 2024-07-30 23:06:49 +0700
    • Engine revision b8800d88be
    • Dart version 3.5.0
    • DevTools version 2.37.2

[✓] Android toolchain - develop for Android devices (Android SDK version 36.0.0)
    • Android SDK at /Users/pch/Library/Android/sdk
    • Platform android-36, build-tools 36.0.0
    • Java binary at: /Applications/Android Studio.app/Contents/jbr/Contents/Home/bin/java
    • Java version OpenJDK Runtime Environment (build 17.0.10+0-17.0.10b1087.21-11572160)
    • All Android licenses accepted.

[✓] Xcode - develop for iOS and macOS (Xcode 16.4)
    • Xcode at /Applications/Xcode.app/Contents/Developer
    • Build 16F6
    • CocoaPods version 1.16.2

[✓] Chrome - develop for the web
    • Chrome at /Applications/Google Chrome.app/Contents/MacOS/Google Chrome

[✓] Android Studio (version 2023.3)
    • Android Studio at /Applications/Android Studio.app/Contents
    • Flutter plugin can be installed from:
      🔨 https://plugins.jetbrains.com/plugin/9212-flutter
    • Dart plugin can be installed from:
      🔨 https://plugins.jetbrains.com/plugin/6351-dart
    • Java version OpenJDK Runtime Environment (build 17.0.10+0-17.0.10b1087.21-11572160)

[✓] Connected device (4 available)
    • IAMAS Phone (mobile)            • 00008130-001C34362461401C • ios            • iOS 18.5 22F76
    • macOS (desktop)                 • macos                     • darwin-arm64   • macOS 15.5 24F74 darwin-arm64
    • Mac Designed for iPad (desktop) • mac-designed-for-ipad     • darwin         • macOS 15.5 24F74 darwin-arm64
    • Chrome (web)                    • chrome                    • web-javascript • Google Chrome 138.0.7204.159

[✓] Network resources
    • All expected network resources are available.

• No issues found!
```
